<?xml version="1.0" encoding="UTF-8"?>
<testsuite name="SILab2Test" tests="2" skipped="0" failures="0" errors="0" timestamp="2022-05-19T12:47:25" hostname="DESKTOP-99T54QP" time="0.046">
  <properties/>
  <testcase name="everyStatementTest()" classname="SILab2Test" time="0.042"/>
  <testcase name="everyBranchTest()" classname="SILab2Test" time="0.002"/>
  <system-out><![CDATA[====DONE====
]]></system-out>
  <system-err><![CDATA[]]></system-err>
</testsuite>
